Arguments: 
  /Users/olivier/.nvm/versions/node/v16.15.1/bin/node /Users/olivier/.nvm/versions/node/v16.15.1/bin/yarn runs

PATH: 
  ./bin:./node_modules/.bin:/Users/olivier/.nvm/versions/node/v16.15.1/bin:/Users/olivier/.rbenv/shims:/Users/olivier/.rbenv/bin:/opt/homebrew/bin:/opt/homebrew/sbin:/Users/olivier/.pyenv/bin:/usr/local/bin:/usr/bin:/bin:/usr/sbin:/sbin:/usr/local/sbin

Yarn version: 
  1.22.19

Node version: 
  16.15.1

Platform: 
  darwin arm64

Trace: 
  SyntaxError: /Users/olivier/code/olixier/hosting-image-upload/package.json: Unexpected string in JSON at position 87
      at JSON.parse (<anonymous>)
      at /Users/olivier/.nvm/versions/node/v16.15.1/lib/node_modules/yarn/lib/cli.js:1629:59
      at Generator.next (<anonymous>)
      at step (/Users/olivier/.nvm/versions/node/v16.15.1/lib/node_modules/yarn/lib/cli.js:310:30)
      at /Users/olivier/.nvm/versions/node/v16.15.1/lib/node_modules/yarn/lib/cli.js:321:13

npm manifest: 
  {
    "dependencies": {
      "@popperjs/core": "^2.11.6",
      "bootstrap": "^5.2.2"
    }
    "scripts": {
      "build": "webpack"
    }
  
  }

yarn manifest: 
  No manifest

Lockfile: 
  # THIS IS AN AUTOGENERATED FILE. DO NOT EDIT THIS FILE DIRECTLY.
  # yarn lockfile v1
  
  
  "@popperjs/core@^2.11.6":
    version "2.11.6"
    resolved "https://registry.yarnpkg.com/@popperjs/core/-/core-2.11.6.tgz#cee20bd55e68a1720bdab363ecf0c821ded4cd45"
    integrity sha512-50/17A98tWUfQ176raKiOGXuYpLyyVMkxxG6oylzL3BPOlA6ADGdK7EYunSa4I064xerltq9TGXs8HmOk5E+vw==
  
  bootstrap@^5.2.2:
    version "5.2.2"
    resolved "https://registry.yarnpkg.com/bootstrap/-/bootstrap-5.2.2.tgz#834e053eed584a65e244d8aa112a6959f56e27a0"
    integrity sha512-dEtzMTV71n6Fhmbg4fYJzQsw1N29hJKO1js5ackCgIpDcGid2ETMGC6zwSYw09v05Y+oRdQ9loC54zB1La3hHQ==
